info: POST /shelters/add_shelter {"timestamp":"2024-02-09T15:48:58.861Z"}
info: GET /shelters/ {"timestamp":"2024-02-09T16:27:03.338Z"}
info: GET /shelters/ {"timestamp":"2024-02-09T16:27:03.431Z"}
info: GET /shelters/ {"timestamp":"2024-02-09T16:27:03.470Z"}
info: GET /shelters/65c3af856b5ccbf11de1bc13 {"timestamp":"2024-02-09T16:27:03.516Z"}
info: GET /shelters/nonexistentID {"timestamp":"2024-02-09T16:27:03.818Z"}
info: GET /shelters/errorid {"timestamp":"2024-02-09T16:27:03.876Z"}
info: POST /shelters/add_shelter {"timestamp":"2024-02-09T16:27:03.969Z"}
info: POST /shelters/add_shelter {"timestamp":"2024-02-09T16:27:04.016Z"}
info: GET /shelters/add_shelter {"timestamp":"2024-02-09T16:27:04.078Z"}
info: PUT /shelters/65c3af856b5ccbf11de1bc13 {"timestamp":"2024-02-09T16:27:04.123Z"}
info: PUT /shelters/:id {"timestamp":"2024-02-09T16:27:04.166Z"}
info: PUT /shelters/65c3af856b5ccbf11de1bc13 {"timestamp":"2024-02-09T16:27:04.213Z"}
info: DELETE /shelters/65c3af856b5ccbf11de1bc13 {"timestamp":"2024-02-09T16:27:04.263Z"}
info: DELETE /shelters/invalidId {"timestamp":"2024-02-09T16:27:04.310Z"}
info: DELETE /shelters/errorid {"timestamp":"2024-02-09T16:27:04.456Z"}
info: GET /shelters/ {"timestamp":"2024-02-09T16:36:59.435Z"}
info: GET /shelters/ {"timestamp":"2024-02-09T16:36:59.485Z"}
info: GET /shelters/ {"timestamp":"2024-02-09T16:36:59.504Z"}
info: GET /shelters/65c3af856b5ccbf11de1bc13 {"timestamp":"2024-02-09T16:36:59.529Z"}
info: GET /shelters/nonexistentID {"timestamp":"2024-02-09T16:36:59.650Z"}
info: GET /shelters/errorid {"timestamp":"2024-02-09T16:36:59.675Z"}
info: POST /shelters/add_shelter {"timestamp":"2024-02-09T16:36:59.718Z"}
info: POST /shelters/add_shelter {"timestamp":"2024-02-09T16:36:59.738Z"}
info: GET /shelters/add_shelter {"timestamp":"2024-02-09T16:36:59.761Z"}
info: PUT /shelters/65c3af856b5ccbf11de1bc13 {"timestamp":"2024-02-09T16:36:59.784Z"}
info: PUT /shelters/:id {"timestamp":"2024-02-09T16:36:59.803Z"}
info: PUT /shelters/65c3af856b5ccbf11de1bc13 {"timestamp":"2024-02-09T16:36:59.822Z"}
info: DELETE /shelters/65c3af856b5ccbf11de1bc13 {"timestamp":"2024-02-09T16:36:59.837Z"}
info: DELETE /shelters/invalidId {"timestamp":"2024-02-09T16:36:59.855Z"}
info: DELETE /shelters/errorid {"timestamp":"2024-02-09T16:36:59.872Z"}
